[debug] [2023-12-30T12:33:13.257Z] ----------------------------------------------------------------------
[debug] [2023-12-30T12:33:13.259Z] Command:       C:\Program Files\nodejs\node.exe C:\Users\SHAH COMPUTERS\AppData\Roaming\npm\node_modules\firebase-tools\lib\bin\firebase.js init
[debug] [2023-12-30T12:33:13.259Z] CLI Version:   13.0.2
[debug] [2023-12-30T12:33:13.259Z] Platform:      win32
[debug] [2023-12-30T12:33:13.260Z] Node Version:  v18.17.1
[debug] [2023-12-30T12:33:13.260Z] Time:          Sat Dec 30 2023 17:33:13 GMT+0500 (Pakistan Standard Time)
[debug] [2023-12-30T12:33:13.261Z] ----------------------------------------------------------------------
[debug] 
[debug] [2023-12-30T12:33:13.263Z] >>> [apiv2][query] GET https://firebase-public.firebaseio.com/cli.json [none]
[debug] [2023-12-30T12:33:13.314Z] > command requires scopes: ["email","openid","https://www.googleapis.com/auth/cloudplatformprojects.readonly","https://www.googleapis.com/auth/firebase","https://www.googleapis.com/auth/cloud-platform"]
[debug] [2023-12-30T12:33:13.315Z] > authorizing via signed-in user (shedymelvin777@gmail.com)
[info] 
     ######## #### ########  ######## ########     ###     ######  ########
     ##        ##  ##     ## ##       ##     ##  ##   ##  ##       ##
     ######    ##  ########  ######   ########  #########  ######  ######
     ##        ##  ##    ##  ##       ##     ## ##     ##       ## ##
     ##       #### ##     ## ######## ########  ##     ##  ######  ########

You're about to initialize a Firebase project in this directory:

  C:\Users\SHAH COMPUTERS\OneDrive\Desktop\INSTA

[debug] [2023-12-30T12:33:14.419Z] <<< [apiv2][status] GET https://firebase-public.firebaseio.com/cli.json 200
[debug] [2023-12-30T12:33:14.420Z] <<< [apiv2][body] GET https://firebase-public.firebaseio.com/cli.json {"cloudBuildErrorAfter":1594252800000,"cloudBuildWarnAfter":1590019200000,"defaultNode10After":1594252800000,"minVersion":"3.0.5","node8DeploysDisabledAfter":1613390400000,"node8RuntimeDisabledAfter":1615809600000,"node8WarnAfter":1600128000000}
[info] 
=== Project Setup
[info] 
[info] First, let's associate this project directory with a Firebase project.
[info] You can create multiple project aliases by running firebase use --add, 
[info] but for now we'll just set up a default project.
[info] 
[debug] [2023-12-30T12:33:25.479Z] > refreshing access token with scopes: []
[debug] [2023-12-30T12:33:25.480Z] >>> [apiv2][query] POST https://www.googleapis.com/oauth2/v3/token [none]
[debug] [2023-12-30T12:33:25.480Z] >>> [apiv2][body] POST https://www.googleapis.com/oauth2/v3/token [omitted]
[debug] [2023-12-30T12:33:26.720Z] <<< [apiv2][status] POST https://www.googleapis.com/oauth2/v3/token 200
[debug] [2023-12-30T12:33:26.721Z] <<< [apiv2][body] POST https://www.googleapis.com/oauth2/v3/token [omitted]
[debug] [2023-12-30T12:33:26.728Z] >>> [apiv2][query] GET https://firebase.googleapis.com/v1beta1/projects pageSize=100
[debug] [2023-12-30T12:33:51.190Z] *** [apiv2] error from fetch(https://firebase.googleapis.com/v1beta1/projects?pageSize=100, {"headers":{},"method":"GET","signal":{}}): FetchError: request to https://firebase.googleapis.com/v1beta1/projects?pageSize=100 failed, reason: socket hang up
[debug] [2023-12-30T12:33:51.190Z] Failed to make request to https://firebase.googleapis.com/v1beta1/projects?pageSize=100
[debug] [2023-12-30T12:33:54.756Z] FirebaseError: Failed to make request to https://firebase.googleapis.com/v1beta1/projects?pageSize=100
    at RetryOperation._fn (C:\Users\SHAH COMPUTERS\AppData\Roaming\npm\node_modules\firebase-tools\lib\apiv2.js:246:31)
    at process.processTicksAndRejections (node:internal/process/task_queues:95:5)
[error] 
[error] Error: Failed to list Firebase projects. See firebase-debug.log for more info.
[debug] [2023-12-30T12:34:27.307Z] ----------------------------------------------------------------------
[debug] [2023-12-30T12:34:27.309Z] Command:       C:\Program Files\nodejs\node.exe C:\Users\SHAH COMPUTERS\AppData\Roaming\npm\node_modules\firebase-tools\lib\bin\firebase.js init
[debug] [2023-12-30T12:34:27.309Z] CLI Version:   13.0.2
[debug] [2023-12-30T12:34:27.309Z] Platform:      win32
[debug] [2023-12-30T12:34:27.310Z] Node Version:  v18.17.1
[debug] [2023-12-30T12:34:27.310Z] Time:          Sat Dec 30 2023 17:34:27 GMT+0500 (Pakistan Standard Time)
[debug] [2023-12-30T12:34:27.310Z] ----------------------------------------------------------------------
[debug] 
[debug] [2023-12-30T12:34:27.317Z] > command requires scopes: ["email","openid","https://www.googleapis.com/auth/cloudplatformprojects.readonly","https://www.googleapis.com/auth/firebase","https://www.googleapis.com/auth/cloud-platform"]
[debug] [2023-12-30T12:34:27.318Z] > authorizing via signed-in user (shedymelvin777@gmail.com)
[info] 
     ######## #### ########  ######## ########     ###     ######  ########
     ##        ##  ##     ## ##       ##     ##  ##   ##  ##       ##
     ######    ##  ########  ######   ########  #########  ######  ######
     ##        ##  ##    ##  ##       ##     ## ##     ##       ## ##
     ##       #### ##     ## ######## ########  ##     ##  ######  ########

You're about to initialize a Firebase project in this directory:

  C:\Users\SHAH COMPUTERS\OneDrive\Desktop\INSTA

[info] 
=== Project Setup
[info] 
[info] First, let's associate this project directory with a Firebase project.
[info] You can create multiple project aliases by running firebase use --add, 
[info] but for now we'll just set up a default project.
[info] 
[debug] [2023-12-30T12:34:32.623Z] >>> [apiv2][query] GET https://firebase.googleapis.com/v1beta1/projects pageSize=100
[debug] [2023-12-30T12:34:34.520Z] <<< [apiv2][status] GET https://firebase.googleapis.com/v1beta1/projects 200
[debug] [2023-12-30T12:34:34.520Z] <<< [apiv2][body] GET https://firebase.googleapis.com/v1beta1/projects [omitted]
[info] i  Using project fir-contact-1dc62 (firebasecontact) 
[info] 
=== Hosting Setup
[debug] [2023-12-30T12:35:41.546Z] >>> [apiv2][query] GET https://firebase.googleapis.com/v1beta1/projects/fir-contact-1dc62 [none]
[debug] [2023-12-30T12:35:42.896Z] <<< [apiv2][status] GET https://firebase.googleapis.com/v1beta1/projects/fir-contact-1dc62 200
[debug] [2023-12-30T12:35:42.897Z] <<< [apiv2][body] GET https://firebase.googleapis.com/v1beta1/projects/fir-contact-1dc62 {"projectId":"fir-contact-1dc62","projectNumber":"394680620570","displayName":"firebasecontact","name":"projects/fir-contact-1dc62","resources":{"hostingSite":"fir-contact-1dc62","realtimeDatabaseInstance":"fir-contact-1dc62-default-rtdb"},"state":"ACTIVE","etag":"1_0c65b426-787e-4e35-a6c0-b34592de1b39"}
[info] 
[info] Your public directory is the folder (relative to your project directory) that
[info] will contain Hosting assets to be uploaded with firebase deploy. If you
[info] have a build process for your assets, use your build's output directory.
[info] 
[info] +  Wrote public/404.html 
[debug] [2023-12-30T12:37:06.915Z] >>> [apiv2][query] GET https://www.gstatic.com/firebasejs/releases.json [none]
[debug] [2023-12-30T12:37:24.314Z] <<< [apiv2][status] GET https://www.gstatic.com/firebasejs/releases.json 200
[debug] [2023-12-30T12:37:24.314Z] <<< [apiv2][body] GET https://www.gstatic.com/firebasejs/releases.json {"current":{"version":"10.7.1","browserURL":"https://www.gstatic.com/firebasejs/10.7.1/firebase.js","packageURL":"https://www.gstatic.com/firebasejs/10.7.1/firebase.tgz"},"live":{"version":"10.7","browserURL":"https://www.gstatic.com/firebasejs/live/10.7/firebase.js","packageURL":"https://www.gstatic.com/firebasejs/live/10.7/firebase.tgz"},"components":{"analytics":"https://www.gstatic.com/firebasejs/10.7.1/firebase-analytics.js","app":"https://www.gstatic.com/firebasejs/10.7.1/firebase-app.js","app-check":"https://www.gstatic.com/firebasejs/10.7.1/firebase-app-check.js","auth":"https://www.gstatic.com/firebasejs/10.7.1/firebase-auth.js","auth/cordova":"https://www.gstatic.com/firebasejs/10.7.1/firebase-auth/cordova.js","functions":"https://www.gstatic.com/firebasejs/10.7.1/firebase-functions.js","firestore":"https://www.gstatic.com/firebasejs/10.7.1/firebase-firestore.js","firestore/lite":"https://www.gstatic.com/firebasejs/10.7.1/firebase-firestore/lite.js","installations":"https://www.gstatic.com/firebasejs/10.7.1/firebase-installations.js","storage":"https://www.gstatic.com/firebasejs/10.7.1/firebase-storage.js","performance":"https://www.gstatic.com/firebasejs/10.7.1/firebase-performance.js","remote-config":"https://www.gstatic.com/firebasejs/10.7.1/firebase-remote-config.js","messaging":"https://www.gstatic.com/firebasejs/10.7.1/firebase-messaging.js","messaging/sw":"https://www.gstatic.com/firebasejs/10.7.1/firebase-messaging/sw.js","database":"https://www.gstatic.com/firebasejs/10.7.1/firebase-database.js","firestore.memory":"https://www.gstatic.com/firebasejs/10.7.1/firebase-firestore.memory.js"}}
[info] i  Skipping write of public/index.html 
[info] 
[info] i  Writing configuration info to firebase.json... 
[info] i  Writing project information to .firebaserc... 
[info] i  Writing gitignore file to .gitignore... 
[info] 
[info] +  Firebase initialization complete! 
